--- Log Initialized ---2026-02-04 15:18:02,725 - CropVanta_Main - INFO - ML Models and Scalers loaded successfully.
2026-02-04 15:18:02,808 - CropVanta_Main - INFO - Market data CSV loaded.
2026-02-04 15:21:00,767 - CropVanta_Main - INFO - ML Models and Scalers loaded successfully.
2026-02-04 15:21:00,786 - CropVanta_Main - INFO - Market data CSV loaded.
2026-02-04 15:26:15,577 - CropVanta_Main - INFO - Resources loaded successfully.
2026-02-04 15:28:59,750 - CropVanta_Main - INFO - Resources loaded successfully.
2026-02-04 15:29:57,457 - AI_Researcher - ERROR - Search failed: Could not import ddgs python package. Please install it with `pip install -U ddgs`.
2026-02-04 15:30:02,549 - AI_Researcher - ERROR - Search failed: Could not import ddgs python package. Please install it with `pip install -U ddgs`.
2026-02-04 15:30:07,511 - AI_Researcher - ERROR - Search failed: Could not import ddgs python package. Please install it with `pip install -U ddgs`.
2026-02-04 15:30:09,403 - AI_Researcher - ERROR - Search failed: Could not import ddgs python package. Please install it with `pip install -U ddgs`.
2026-02-04 15:30:10,502 - AI_Researcher - ERROR - Search failed: Could not import ddgs python package. Please install it with `pip install -U ddgs`.
2026-02-04 15:30:12,499 - AI_Researcher - ERROR - Search failed: Could not import ddgs python package. Please install it with `pip install -U ddgs`.
2026-02-04 15:30:22,548 - AI_Researcher - ERROR - Search failed: Could not import ddgs python package. Please install it with `pip install -U ddgs`.
2026-02-04 15:30:24,467 - AI_Researcher - ERROR - Search failed: Could not import ddgs python package. Please install it with `pip install -U ddgs`.
2026-02-04 15:30:31,717 - AI_Researcher - ERROR - Search failed: Could not import ddgs python package. Please install it with `pip install -U ddgs`.
2026-02-04 15:30:41,498 - AI_Researcher - ERROR - Search failed: Could not import ddgs python package. Please install it with `pip install -U ddgs`.
2026-02-04 15:30:41,909 - AI_Researcher - ERROR - Search failed: Could not import ddgs python package. Please install it with `pip install -U ddgs`.
2026-02-04 15:30:42,415 - AI_Researcher - ERROR - Search failed: Could not import ddgs python package. Please install it with `pip install -U ddgs`.
2026-02-04 15:30:44,470 - AI_Researcher - ERROR - Search failed: Could not import ddgs python package. Please install it with `pip install -U ddgs`.
2026-02-04 15:31:17,624 - modules.crop_advisor - INFO - Prediction: Coffee | Confidence: 0.10
2026-02-04 15:31:27,316 - modules.crop_advisor - INFO - Prediction: Coffee | Confidence: 0.09
2026-02-04 15:31:29,047 - modules.crop_advisor - INFO - Prediction: Coffee | Confidence: 0.09
2026-02-04 15:31:43,059 - modules.crop_advisor - INFO - Prediction: Orange | Confidence: 0.09
2026-02-04 15:31:44,886 - modules.crop_advisor - INFO - Prediction: Orange | Confidence: 0.09
2026-02-04 15:31:45,798 - modules.crop_advisor - INFO - Prediction: Orange | Confidence: 0.09
2026-02-04 15:31:48,529 - modules.crop_advisor - INFO - Prediction: Orange | Confidence: 0.09
2026-02-04 15:33:34,997 - AI_Researcher - ERROR - Search failed: Could not import ddgs python package. Please install it with `pip install -U ddgs`.
2026-02-04 15:33:37,174 - AI_Researcher - ERROR - Search failed: Could not import ddgs python package. Please install it with `pip install -U ddgs`.
2026-02-04 15:33:40,111 - AI_Researcher - ERROR - Search failed: Could not import ddgs python package. Please install it with `pip install -U ddgs`.
2026-02-04 15:33:42,102 - AI_Researcher - ERROR - Search failed: Could not import ddgs python package. Please install it with `pip install -U ddgs`.
2026-02-04 15:51:13,861 - CropVanta_Main - INFO - Resources loaded successfully.
2026-02-05 01:13:23,813 - CropVanta_Main - INFO - Resources loaded successfully.
2026-02-05 11:23:32,482 - CropVanta_Main - INFO - Resources loaded successfully.
2026-02-05 11:24:02,780 - Crop_Advisor_Engine - INFO - Triggering Autonomous Research for: Coffee
2026-02-05 11:24:02,786 - AI_Researcher - INFO - Starting autonomous research for: Coffee
2026-02-05 11:24:02,801 - AI_Researcher - ERROR - Search failed for Coffee: Could not import ddgs python package. Please install it with `pip install -U ddgs`.
2026-02-05 11:24:02,806 - Crop_Advisor_Engine - ERROR - Recommendation Error: cannot access local variable 'summary' where it is not associated with a value
2026-02-05 11:28:28,119 - AI_Researcher - ERROR - Search failed for : Could not import ddgs python package. Please install it with `pip install -U ddgs`.
2026-02-05 11:28:33,707 - AI_Researcher - ERROR - Search failed for : Could not import ddgs python package. Please install it with `pip install -U ddgs`.
2026-02-05 11:37:59,210 - CropVanta_Main - INFO - Resources loaded successfully.
2026-02-05 11:38:13,515 - Crop_Advisor_Engine - INFO - Attempting Research for: Coffee
2026-02-05 11:38:13,521 - AI_Researcher - INFO - Starting autonomous research for: Coffee
2026-02-05 11:38:13,525 - AI_Researcher - ERROR - Search failed: Could not import ddgs python package. Please install it with `pip install -U ddgs`.
2026-02-05 11:39:39,192 - AI_Researcher - ERROR - Search failed: Could not import ddgs python package. Please install it with `pip install -U ddgs`.
2026-02-05 12:03:00,141 - CropVanta_Main - INFO - Resources loaded successfully.
2026-02-05 12:04:09,282 - Crop_Advisor_Engine - INFO - Attempting Research for: Coffee
2026-02-05 12:04:09,288 - AI_Researcher - INFO - Starting autonomous research for: Coffee
2026-02-05 12:04:09,305 - AI_Researcher - ERROR - Search failed: Could not import ddgs python package. Please install it with `pip install -U ddgs`.
2026-02-05 12:04:32,990 - modules.land_suitability - ERROR - GeoData Error: HTTPSConnectionPool(host='api.open-meteo.com', port=443): Max retries exceeded with url: /v1/forecast?latitude=17.5602465032949&longitude=71.54296875000001&daily=temperature_2m_max,precipitation_sum&timezone=auto (Caused by NameResolutionError("HTTPSConnection(host='api.open-meteo.com', port=443): Failed to resolve 'api.open-meteo.com' ([Errno 11001] getaddrinfo failed)"))
2026-02-05 12:04:32,991 - modules.land_suitability - ERROR - GeoData Error: HTTPSConnectionPool(host='api.open-meteo.com', port=443): Max retries exceeded with url: /v1/forecast?latitude=17.5602465032949&longitude=71.54296875000001&daily=temperature_2m_max,precipitation_sum&timezone=auto (Caused by NameResolutionError("HTTPSConnection(host='api.open-meteo.com', port=443): Failed to resolve 'api.open-meteo.com' ([Errno 11001] getaddrinfo failed)"))
2026-02-05 12:04:32,992 - modules.land_suitability - ERROR - GeoData Error: HTTPSConnectionPool(host='api.open-meteo.com', port=443): Max retries exceeded with url: /v1/forecast?latitude=17.5602465032949&longitude=71.54296875000001&daily=temperature_2m_max,precipitation_sum&timezone=auto (Caused by NameResolutionError("HTTPSConnection(host='api.open-meteo.com', port=443): Failed to resolve 'api.open-meteo.com' ([Errno 11001] getaddrinfo failed)"))
2026-02-05 12:04:32,992 - modules.land_suitability - ERROR - GeoData Error: HTTPSConnectionPool(host='api.open-meteo.com', port=443): Max retries exceeded with url: /v1/forecast?latitude=17.5602465032949&longitude=71.54296875000001&daily=temperature_2m_max,precipitation_sum&timezone=auto (Caused by NameResolutionError("HTTPSConnection(host='api.open-meteo.com', port=443): Failed to resolve 'api.open-meteo.com' ([Errno 11001] getaddrinfo failed)"))
2026-02-05 12:04:32,993 - modules.land_suitability - ERROR - GeoData Error: HTTPSConnectionPool(host='api.open-meteo.com', port=443): Max retries exceeded with url: /v1/forecast?latitude=17.5602465032949&longitude=71.54296875000001&daily=temperature_2m_max,precipitation_sum&timezone=auto (Caused by NameResolutionError("HTTPSConnection(host='api.open-meteo.com', port=443): Failed to resolve 'api.open-meteo.com' ([Errno 11001] getaddrinfo failed)"))
2026-02-05 12:04:32,993 - modules.land_suitability - ERROR - GeoData Error: HTTPSConnectionPool(host='api.open-meteo.com', port=443): Max retries exceeded with url: /v1/forecast?latitude=17.5602465032949&longitude=71.54296875000001&daily=temperature_2m_max,precipitation_sum&timezone=auto (Caused by NameResolutionError("HTTPSConnection(host='api.open-meteo.com', port=443): Failed to resolve 'api.open-meteo.com' ([Errno 11001] getaddrinfo failed)"))
2026-02-05 12:04:32,993 - modules.land_suitability - ERROR - GeoData Error: HTTPSConnectionPool(host='api.open-meteo.com', port=443): Max retries exceeded with url: /v1/forecast?latitude=17.5602465032949&longitude=71.54296875000001&daily=temperature_2m_max,precipitation_sum&timezone=auto (Caused by NameResolutionError("HTTPSConnection(host='api.open-meteo.com', port=443): Failed to resolve 'api.open-meteo.com' ([Errno 11001] getaddrinfo failed)"))
2026-02-05 12:04:32,993 - modules.land_suitability - ERROR - GeoData Error: HTTPSConnectionPool(host='api.open-meteo.com', port=443): Max retries exceeded with url: /v1/forecast?latitude=17.5602465032949&longitude=71.54296875000001&daily=temperature_2m_max,precipitation_sum&timezone=auto (Caused by NameResolutionError("HTTPSConnection(host='api.open-meteo.com', port=443): Failed to resolve 'api.open-meteo.com' ([Errno 11001] getaddrinfo failed)"))
2026-02-05 12:04:32,994 - modules.land_suitability - ERROR - GeoData Error: HTTPSConnectionPool(host='api.open-meteo.com', port=443): Max retries exceeded with url: /v1/forecast?latitude=17.5602465032949&longitude=71.54296875000001&daily=temperature_2m_max,precipitation_sum&timezone=auto (Caused by NameResolutionError("HTTPSConnection(host='api.open-meteo.com', port=443): Failed to resolve 'api.open-meteo.com' ([Errno 11001] getaddrinfo failed)"))
2026-02-05 12:04:32,994 - modules.land_suitability - ERROR - GeoData Error: HTTPSConnectionPool(host='api.open-meteo.com', port=443): Max retries exceeded with url: /v1/forecast?latitude=17.5602465032949&longitude=71.54296875000001&daily=temperature_2m_max,precipitation_sum&timezone=auto (Caused by NameResolutionError("HTTPSConnection(host='api.open-meteo.com', port=443): Failed to resolve 'api.open-meteo.com' ([Errno 11001] getaddrinfo failed)"))
2026-02-05 12:04:32,995 - modules.land_suitability - ERROR - GeoData Error: HTTPSConnectionPool(host='api.open-meteo.com', port=443): Max retries exceeded with url: /v1/forecast?latitude=17.5602465032949&longitude=71.54296875000001&daily=temperature_2m_max,precipitation_sum&timezone=auto (Caused by NameResolutionError("HTTPSConnection(host='api.open-meteo.com', port=443): Failed to resolve 'api.open-meteo.com' ([Errno 11001] getaddrinfo failed)"))
2026-02-05 12:04:32,995 - modules.land_suitability - ERROR - GeoData Error: HTTPSConnectionPool(host='api.open-meteo.com', port=443): Max retries exceeded with url: /v1/forecast?latitude=17.5602465032949&longitude=71.54296875000001&daily=temperature_2m_max,precipitation_sum&timezone=auto (Caused by NameResolutionError("HTTPSConnection(host='api.open-meteo.com', port=443): Failed to resolve 'api.open-meteo.com' ([Errno 11001] getaddrinfo failed)"))
2026-02-05 12:04:32,995 - modules.land_suitability - ERROR - GeoData Error: HTTPSConnectionPool(host='api.open-meteo.com', port=443): Max retries exceeded with url: /v1/forecast?latitude=17.5602465032949&longitude=71.54296875000001&daily=temperature_2m_max,precipitation_sum&timezone=auto (Caused by NameResolutionError("HTTPSConnection(host='api.open-meteo.com', port=443): Failed to resolve 'api.open-meteo.com' ([Errno 11001] getaddrinfo failed)"))
2026-02-05 12:04:53,497 - modules.land_suitability - ERROR - GeoData Error: HTTPSConnectionPool(host='api.open-meteo.com', port=443): Max retries exceeded with url: /v1/forecast?latitude=17.5602465032949&longitude=71.54296875000001&daily=temperature_2m_max,precipitation_sum&timezone=auto (Caused by SSLError(SSLEOFError(8, '[SSL: UNEXPECTED_EOF_WHILE_READING] EOF occurred in violation of protocol (_ssl.c:1006)')))
2026-02-05 12:04:53,962 - modules.land_suitability - ERROR - GeoData Error: HTTPSConnectionPool(host='api.open-meteo.com', port=443): Read timed out. (read timeout=10)
2026-02-05 12:04:53,963 - modules.land_suitability - ERROR - GeoData Error: HTTPSConnectionPool(host='api.open-meteo.com', port=443): Read timed out. (read timeout=10)
2026-02-05 12:04:54,724 - modules.land_suitability - ERROR - GeoData Error: HTTPSConnectionPool(host='api.open-meteo.com', port=443): Read timed out. (read timeout=10)
2026-02-05 12:04:57,019 - modules.land_suitability - ERROR - GeoData Error: HTTPSConnectionPool(host='api.open-meteo.com', port=443): Read timed out. (read timeout=10)
2026-02-05 12:05:09,158 - modules.land_suitability - ERROR - GeoData Error: ('Connection aborted.', RemoteDisconnected('Remote end closed connection without response'))
2026-02-06 11:31:23,801 - CropVanta_Main - INFO - Resources loaded successfully.
2026-02-06 11:32:36,807 - Crop_Advisor_Engine - INFO - Attempting Research for: Coffee
2026-02-06 11:32:36,815 - AI_Researcher - INFO - Starting autonomous research for: Coffee
2026-02-06 11:32:36,829 - AI_Researcher - ERROR - Search failed: Could not import ddgs python package. Please install it with `pip install -U ddgs`.
2026-02-06 11:32:56,451 - modules.land_suitability - ERROR - GeoData Error: HTTPSConnectionPool(host='api.open-meteo.com', port=443): Max retries exceeded with url: /v1/forecast?latitude=23.07973176244989&longitude=79.89257812500001&daily=temperature_2m_max,precipitation_sum&timezone=auto (Caused by SSLError(SSLCertVerificationError(1, '[SSL: CERTIFICATE_VERIFY_FAILED] certificate verify failed: self-signed certificate in certificate chain (_ssl.c:1006)')))
2026-02-06 11:33:02,109 - modules.land_suitability - ERROR - GeoData Error: HTTPSConnectionPool(host='api.open-meteo.com', port=443): Max retries exceeded with url: /v1/forecast?latitude=23.07973176244989&longitude=79.89257812500001&daily=temperature_2m_max,precipitation_sum&timezone=auto (Caused by SSLError(SSLCertVerificationError(1, '[SSL: CERTIFICATE_VERIFY_FAILED] certificate verify failed: self-signed certificate in certificate chain (_ssl.c:1006)')))
2026-02-06 11:33:03,336 - modules.land_suitability - ERROR - GeoData Error: HTTPSConnectionPool(host='api.open-meteo.com', port=443): Max retries exceeded with url: /v1/forecast?latitude=23.07973176244989&longitude=79.89257812500001&daily=temperature_2m_max,precipitation_sum&timezone=auto (Caused by SSLError(SSLCertVerificationError(1, '[SSL: CERTIFICATE_VERIFY_FAILED] certificate verify failed: self-signed certificate in certificate chain (_ssl.c:1006)')))
2026-02-06 11:33:09,249 - modules.land_suitability - ERROR - GeoData Error: HTTPSConnectionPool(host='api.open-meteo.com', port=443): Max retries exceeded with url: /v1/forecast?latitude=8.146242825034385&longitude=80.77148437500001&daily=temperature_2m_max,precipitation_sum&timezone=auto (Caused by SSLError(SSLCertVerificationError(1, '[SSL: CERTIFICATE_VERIFY_FAILED] certificate verify failed: self-signed certificate in certificate chain (_ssl.c:1006)')))
2026-02-06 11:33:10,911 - modules.land_suitability - ERROR - GeoData Error: HTTPSConnectionPool(host='api.open-meteo.com', port=443): Max retries exceeded with url: /v1/forecast?latitude=8.146242825034385&longitude=80.77148437500001&daily=temperature_2m_max,precipitation_sum&timezone=auto (Caused by SSLError(SSLCertVerificationError(1, '[SSL: CERTIFICATE_VERIFY_FAILED] certificate verify failed: self-signed certificate in certificate chain (_ssl.c:1006)')))
2026-02-06 11:33:12,432 - modules.land_suitability - ERROR - GeoData Error: HTTPSConnectionPool(host='api.open-meteo.com', port=443): Max retries exceeded with url: /v1/forecast?latitude=8.146242825034385&longitude=80.77148437500001&daily=temperature_2m_max,precipitation_sum&timezone=auto (Caused by SSLError(SSLCertVerificationError(1, '[SSL: CERTIFICATE_VERIFY_FAILED] certificate verify failed: self-signed certificate in certificate chain (_ssl.c:1006)')))
2026-02-06 11:33:15,420 - modules.land_suitability - ERROR - GeoData Error: HTTPSConnectionPool(host='api.open-meteo.com', port=443): Max retries exceeded with url: /v1/forecast?latitude=8.146242825034385&longitude=80.77148437500001&daily=temperature_2m_max,precipitation_sum&timezone=auto (Caused by SSLError(SSLCertVerificationError(1, '[SSL: CERTIFICATE_VERIFY_FAILED] certificate verify failed: self-signed certificate in certificate chain (_ssl.c:1006)')))
2026-02-06 11:33:18,059 - modules.land_suitability - ERROR - GeoData Error: HTTPSConnectionPool(host='api.open-meteo.com', port=443): Max retries exceeded with url: /v1/forecast?latitude=18.145851771694467&longitude=73.03710937500001&daily=temperature_2m_max,precipitation_sum&timezone=auto (Caused by SSLError(SSLCertVerificationError(1, '[SSL: CERTIFICATE_VERIFY_FAILED] certificate verify failed: self-signed certificate in certificate chain (_ssl.c:1006)')))
2026-02-06 11:33:19,407 - modules.land_suitability - ERROR - GeoData Error: HTTPSConnectionPool(host='api.open-meteo.com', port=443): Max retries exceeded with url: /v1/forecast?latitude=18.145851771694467&longitude=73.03710937500001&daily=temperature_2m_max,precipitation_sum&timezone=auto (Caused by SSLError(SSLCertVerificationError(1, '[SSL: CERTIFICATE_VERIFY_FAILED] certificate verify failed: self-signed certificate in certificate chain (_ssl.c:1006)')))
2026-02-06 11:33:25,263 - modules.land_suitability - ERROR - GeoData Error: HTTPSConnectionPool(host='api.open-meteo.com', port=443): Max retries exceeded with url: /v1/forecast?latitude=18.145851771694467&longitude=73.03710937500001&daily=temperature_2m_max,precipitation_sum&timezone=auto (Caused by SSLError(SSLCertVerificationError(1, '[SSL: CERTIFICATE_VERIFY_FAILED] certificate verify failed: self-signed certificate in certificate chain (_ssl.c:1006)')))
2026-02-06 11:33:29,333 - modules.land_suitability - ERROR - GeoData Error: HTTPSConnectionPool(host='api.open-meteo.com', port=443): Max retries exceeded with url: /v1/forecast?latitude=18.145851771694467&longitude=73.03710937500001&daily=temperature_2m_max,precipitation_sum&timezone=auto (Caused by SSLError(SSLCertVerificationError(1, '[SSL: CERTIFICATE_VERIFY_FAILED] certificate verify failed: self-signed certificate in certificate chain (_ssl.c:1006)')))
2026-02-06 11:33:31,006 - modules.land_suitability - ERROR - GeoData Error: HTTPSConnectionPool(host='api.open-meteo.com', port=443): Max retries exceeded with url: /v1/forecast?latitude=18.145851771694467&longitude=73.03710937500001&daily=temperature_2m_max,precipitation_sum&timezone=auto (Caused by SSLError(SSLCertVerificationError(1, '[SSL: CERTIFICATE_VERIFY_FAILED] certificate verify failed: self-signed certificate in certificate chain (_ssl.c:1006)')))
2026-02-06 11:33:34,064 - modules.land_suitability - ERROR - GeoData Error: HTTPSConnectionPool(host='api.open-meteo.com', port=443): Max retries exceeded with url: /v1/forecast?latitude=18.145851771694467&longitude=73.03710937500001&daily=temperature_2m_max,precipitation_sum&timezone=auto (Caused by SSLError(SSLCertVerificationError(1, '[SSL: CERTIFICATE_VERIFY_FAILED] certificate verify failed: self-signed certificate in certificate chain (_ssl.c:1006)')))
2026-02-06 11:33:35,997 - modules.land_suitability - ERROR - GeoData Error: HTTPSConnectionPool(host='api.open-meteo.com', port=443): Max retries exceeded with url: /v1/forecast?latitude=18.145851771694467&longitude=73.03710937500001&daily=temperature_2m_max,precipitation_sum&timezone=auto (Caused by SSLError(SSLCertVerificationError(1, '[SSL: CERTIFICATE_VERIFY_FAILED] certificate verify failed: self-signed certificate in certificate chain (_ssl.c:1006)')))
2026-02-06 11:33:37,123 - modules.land_suitability - ERROR - GeoData Error: HTTPSConnectionPool(host='api.open-meteo.com', port=443): Max retries exceeded with url: /v1/forecast?latitude=18.145851771694467&longitude=73.03710937500001&daily=temperature_2m_max,precipitation_sum&timezone=auto (Caused by SSLError(SSLCertVerificationError(1, '[SSL: CERTIFICATE_VERIFY_FAILED] certificate verify failed: self-signed certificate in certificate chain (_ssl.c:1006)')))
2026-02-06 11:33:49,526 - modules.land_suitability - ERROR - GeoData Error: HTTPSConnectionPool(host='api.open-meteo.com', port=443): Max retries exceeded with url: /v1/forecast?latitude=18.145851771694467&longitude=73.03710937500001&daily=temperature_2m_max,precipitation_sum&timezone=auto (Caused by SSLError(SSLCertVerificationError(1, '[SSL: CERTIFICATE_VERIFY_FAILED] certificate verify failed: self-signed certificate in certificate chain (_ssl.c:1006)')))
2026-02-06 11:33:51,431 - modules.land_suitability - ERROR - GeoData Error: HTTPSConnectionPool(host='api.open-meteo.com', port=443): Max retries exceeded with url: /v1/forecast?latitude=27.059125784374068&longitude=102.919921875&daily=temperature_2m_max,precipitation_sum&timezone=auto (Caused by SSLError(SSLCertVerificationError(1, '[SSL: CERTIFICATE_VERIFY_FAILED] certificate verify failed: self-signed certificate in certificate chain (_ssl.c:1006)')))
2026-02-06 11:33:51,811 - modules.land_suitability - ERROR - GeoData Error: HTTPSConnectionPool(host='api.open-meteo.com', port=443): Max retries exceeded with url: /v1/forecast?latitude=27.059125784374068&longitude=102.919921875&daily=temperature_2m_max,precipitation_sum&timezone=auto (Caused by SSLError(SSLCertVerificationError(1, '[SSL: CERTIFICATE_VERIFY_FAILED] certificate verify failed: self-signed certificate in certificate chain (_ssl.c:1006)')))
2026-02-06 11:33:53,387 - modules.land_suitability - ERROR - GeoData Error: HTTPSConnectionPool(host='api.open-meteo.com', port=443): Max retries exceeded with url: /v1/forecast?latitude=27.059125784374068&longitude=102.919921875&daily=temperature_2m_max,precipitation_sum&timezone=auto (Caused by SSLError(SSLCertVerificationError(1, '[SSL: CERTIFICATE_VERIFY_FAILED] certificate verify failed: self-signed certificate in certificate chain (_ssl.c:1006)')))
2026-02-06 11:33:56,314 - modules.land_suitability - ERROR - GeoData Error: HTTPSConnectionPool(host='api.open-meteo.com', port=443): Max retries exceeded with url: /v1/forecast?latitude=27.059125784374068&longitude=102.919921875&daily=temperature_2m_max,precipitation_sum&timezone=auto (Caused by SSLError(SSLCertVerificationError(1, '[SSL: CERTIFICATE_VERIFY_FAILED] certificate verify failed: self-signed certificate in certificate chain (_ssl.c:1006)')))
2026-02-06 11:33:57,221 - modules.land_suitability - ERROR - GeoData Error: HTTPSConnectionPool(host='api.open-meteo.com', port=443): Max retries exceeded with url: /v1/forecast?latitude=27.059125784374068&longitude=102.919921875&daily=temperature_2m_max,precipitation_sum&timezone=auto (Caused by SSLError(SSLCertVerificationError(1, '[SSL: CERTIFICATE_VERIFY_FAILED] certificate verify failed: self-signed certificate in certificate chain (_ssl.c:1006)')))
2026-02-06 11:33:58,151 - modules.land_suitability - ERROR - GeoData Error: HTTPSConnectionPool(host='api.open-meteo.com', port=443): Max retries exceeded with url: /v1/forecast?latitude=27.059125784374068&longitude=102.919921875&daily=temperature_2m_max,precipitation_sum&timezone=auto (Caused by SSLError(SSLCertVerificationError(1, '[SSL: CERTIFICATE_VERIFY_FAILED] certificate verify failed: self-signed certificate in certificate chain (_ssl.c:1006)')))
2026-02-06 11:33:59,163 - modules.land_suitability - ERROR - GeoData Error: HTTPSConnectionPool(host='api.open-meteo.com', port=443): Max retries exceeded with url: /v1/forecast?latitude=27.059125784374068&longitude=102.919921875&daily=temperature_2m_max,precipitation_sum&timezone=auto (Caused by SSLError(SSLCertVerificationError(1, '[SSL: CERTIFICATE_VERIFY_FAILED] certificate verify failed: self-signed certificate in certificate chain (_ssl.c:1006)')))
2026-02-06 11:34:01,694 - modules.land_suitability - ERROR - GeoData Error: HTTPSConnectionPool(host='api.open-meteo.com', port=443): Max retries exceeded with url: /v1/forecast?latitude=27.059125784374068&longitude=102.919921875&daily=temperature_2m_max,precipitation_sum&timezone=auto (Caused by SSLError(SSLCertVerificationError(1, '[SSL: CERTIFICATE_VERIFY_FAILED] certificate verify failed: self-signed certificate in certificate chain (_ssl.c:1006)')))
2026-02-06 11:34:04,189 - modules.land_suitability - ERROR - GeoData Error: HTTPSConnectionPool(host='api.open-meteo.com', port=443): Max retries exceeded with url: /v1/forecast?latitude=27.059125784374068&longitude=102.919921875&daily=temperature_2m_max,precipitation_sum&timezone=auto (Caused by SSLError(SSLCertVerificationError(1, '[SSL: CERTIFICATE_VERIFY_FAILED] certificate verify failed: self-signed certificate in certificate chain (_ssl.c:1006)')))
2026-02-06 11:34:10,301 - modules.land_suitability - ERROR - GeoData Error: HTTPSConnectionPool(host='api.open-meteo.com', port=443): Max retries exceeded with url: /v1/forecast?latitude=27.059125784374068&longitude=102.919921875&daily=temperature_2m_max,precipitation_sum&timezone=auto (Caused by SSLError(SSLCertVerificationError(1, '[SSL: CERTIFICATE_VERIFY_FAILED] certificate verify failed: self-signed certificate in certificate chain (_ssl.c:1006)')))
2026-02-06 11:34:13,223 - modules.land_suitability - ERROR - GeoData Error: HTTPSConnectionPool(host='api.open-meteo.com', port=443): Max retries exceeded with url: /v1/forecast?latitude=27.059125784374068&longitude=102.919921875&daily=temperature_2m_max,precipitation_sum&timezone=auto (Caused by SSLError(SSLCertVerificationError(1, '[SSL: CERTIFICATE_VERIFY_FAILED] certificate verify failed: self-signed certificate in certificate chain (_ssl.c:1006)')))
2026-02-06 11:34:21,055 - modules.land_suitability - ERROR - GeoData Error: HTTPSConnectionPool(host='api.open-meteo.com', port=443): Max retries exceeded with url: /v1/forecast?latitude=27.059125784374068&longitude=102.919921875&daily=temperature_2m_max,precipitation_sum&timezone=auto (Caused by SSLError(SSLCertVerificationError(1, '[SSL: CERTIFICATE_VERIFY_FAILED] certificate verify failed: self-signed certificate in certificate chain (_ssl.c:1006)')))
2026-02-06 11:34:22,960 - modules.land_suitability - ERROR - GeoData Error: HTTPSConnectionPool(host='api.open-meteo.com', port=443): Max retries exceeded with url: /v1/forecast?latitude=27.059125784374068&longitude=102.919921875&daily=temperature_2m_max,precipitation_sum&timezone=auto (Caused by SSLError(SSLCertVerificationError(1, '[SSL: CERTIFICATE_VERIFY_FAILED] certificate verify failed: self-signed certificate in certificate chain (_ssl.c:1006)')))
2026-02-06 11:34:25,420 - modules.land_suitability - ERROR - GeoData Error: HTTPSConnectionPool(host='api.open-meteo.com', port=443): Max retries exceeded with url: /v1/forecast?latitude=27.059125784374068&longitude=102.919921875&daily=temperature_2m_max,precipitation_sum&timezone=auto (Caused by SSLError(SSLCertVerificationError(1, '[SSL: CERTIFICATE_VERIFY_FAILED] certificate verify failed: self-signed certificate in certificate chain (_ssl.c:1006)')))
2026-02-06 11:34:27,178 - modules.land_suitability - ERROR - GeoData Error: HTTPSConnectionPool(host='api.open-meteo.com', port=443): Max retries exceeded with url: /v1/forecast?latitude=27.059125784374068&longitude=102.919921875&daily=temperature_2m_max,precipitation_sum&timezone=auto (Caused by SSLError(SSLCertVerificationError(1, '[SSL: CERTIFICATE_VERIFY_FAILED] certificate verify failed: self-signed certificate in certificate chain (_ssl.c:1006)')))
2026-02-06 11:51:41,822 - CropVanta_Main - INFO - Resources loaded successfully.
2026-02-06 11:52:56,671 - Crop_Advisor_Engine - INFO - Attempting Research for: Coffee
2026-02-06 11:52:56,680 - AI_Researcher - INFO - Starting autonomous research for: Coffee
2026-02-06 11:52:56,745 - AI_Researcher - ERROR - Search failed: Could not import ddgs python package. Please install it with `pip install -U ddgs`.
2026-02-06 11:53:16,310 - Crop_Advisor_Engine - INFO - Attempting Research for: Coffee
2026-02-06 11:53:16,312 - AI_Researcher - INFO - Starting autonomous research for: Coffee
2026-02-06 11:53:16,315 - AI_Researcher - ERROR - Search failed: Could not import ddgs python package. Please install it with `pip install -U ddgs`.
2026-02-06 11:54:11,890 - modules.land_suitability - ERROR - GeoData Error: HTTPSConnectionPool(host='api.open-meteo.com', port=443): Read timed out. (read timeout=10)
2026-02-06 11:54:23,363 - modules.land_suitability - ERROR - GeoData Error: HTTPSConnectionPool(host='api.open-meteo.com', port=443): Read timed out. (read timeout=10)
2026-02-06 11:54:48,077 - modules.land_suitability - ERROR - GeoData Error: HTTPSConnectionPool(host='api.open-meteo.com', port=443): Read timed out. (read timeout=10)
2026-02-06 12:34:06,343 - CropVanta_Main - INFO - Resources loaded successfully.
2026-02-06 12:35:49,091 - CropVanta_Main - INFO - Resources loaded successfully.
2026-02-06 14:42:20,127 - CropVanta_Main - INFO - Resources loaded successfully.
2026-02-06 14:48:08,852 - CropVanta_Main - INFO - Resources loaded successfully.
2026-02-06 14:49:53,166 - Crop_Advisor_Engine - INFO - Attempting Research for: Coffee
2026-02-06 14:49:53,169 - AI_Researcher - INFO - Starting autonomous research for: Coffee
2026-02-06 14:49:53,175 - AI_Researcher - ERROR - Search failed: Could not import ddgs python package. Please install it with `pip install -U ddgs`.
2026-02-06 15:10:39,368 - CropVanta_Main - INFO - Resources loaded successfully.
2026-02-06 15:13:50,395 - CropVanta_Main - INFO - Resources loaded successfully.
2026-02-06 15:33:01,875 - CropVanta_Main - INFO - Resources loaded successfully.
2026-02-06 15:33:20,419 - Crop_Advisor_Engine - INFO - Attempting Research for: Coffee
2026-02-06 15:33:20,422 - AI_Researcher - INFO - Starting autonomous research for: Coffee
2026-02-06 15:33:20,427 - AI_Researcher - ERROR - Search failed: Could not import ddgs python package. Please install it with `pip install -U ddgs`.
2026-02-06 15:39:38,051 - CropVanta_Main - INFO - Resources loaded successfully.
2026-02-06 15:55:06,589 - CropVanta_Main - INFO - Resources loaded successfully.
2026-02-06 15:56:53,230 - Crop_Advisor_Engine - INFO - Attempting Research for: Coffee
2026-02-06 15:56:53,232 - AI_Researcher - INFO - Starting autonomous research for: Coffee
2026-02-06 15:56:53,247 - AI_Researcher - ERROR - Search failed: Could not import ddgs python package. Please install it with `pip install -U ddgs`.
2026-02-06 15:57:58,638 - Crop_Advisor_Engine - INFO - Attempting Research for: Coffee
2026-02-06 15:57:58,639 - AI_Researcher - INFO - Starting autonomous research for: Coffee
2026-02-06 15:57:58,643 - AI_Researcher - ERROR - Search failed: Could not import ddgs python package. Please install it with `pip install -U ddgs`.
2026-02-06 16:00:33,298 - Crop_Advisor_Engine - INFO - Attempting Research for: Coffee
2026-02-06 16:00:33,308 - AI_Researcher - INFO - Starting autonomous research for: Coffee
2026-02-06 16:00:33,379 - AI_Researcher - ERROR - Search failed: Could not import ddgs python package. Please install it with `pip install -U ddgs`.
2026-02-06 16:00:38,933 - Crop_Advisor_Engine - INFO - Attempting Research for: Coffee
2026-02-06 16:00:38,935 - AI_Researcher - INFO - Starting autonomous research for: Coffee
2026-02-06 16:00:38,939 - AI_Researcher - ERROR - Search failed: Could not import ddgs python package. Please install it with `pip install -U ddgs`.
2026-02-06 16:02:54,949 - Crop_Advisor_Engine - INFO - Attempting Research for: Coffee
2026-02-06 16:02:54,952 - AI_Researcher - INFO - Starting autonomous research for: Coffee
2026-02-06 16:02:54,956 - AI_Researcher - ERROR - Search failed: Could not import ddgs python package. Please install it with `pip install -U ddgs`.
2026-02-06 16:13:32,909 - Crop_Advisor_Engine - INFO - Attempting Research for: Orange
2026-02-06 16:13:32,911 - AI_Researcher - INFO - Starting autonomous research for: Orange
2026-02-06 16:13:32,916 - AI_Researcher - ERROR - Search failed: Could not import ddgs python package. Please install it with `pip install -U ddgs`.
2026-02-06 16:17:04,270 - CropVanta_Main - INFO - Resources loaded successfully.
2026-02-06 16:17:35,966 - Crop_Advisor_Engine - INFO - Attempting Research for: Orange
2026-02-06 16:17:35,969 - AI_Researcher - INFO - Starting autonomous research for: Orange
2026-02-06 16:17:35,973 - AI_Researcher - ERROR - Search failed: Could not import ddgs python package. Please install it with `pip install -U ddgs`.
2026-02-06 16:21:53,245 - CropVanta_Main - INFO - Resources loaded successfully.
2026-02-06 16:22:11,876 - Crop_Advisor_Engine - INFO - Attempting Research for: Coffee
2026-02-06 16:22:11,879 - AI_Researcher - INFO - Starting autonomous research for: Coffee
2026-02-06 16:22:11,884 - AI_Researcher - ERROR - Search failed: Could not import ddgs python package. Please install it with `pip install -U ddgs`.
2026-02-06 16:28:03,187 - CropVanta_Main - INFO - Resources loaded successfully.
2026-02-06 16:29:59,985 - Crop_Advisor_Engine - INFO - Attempting Research for: Coffee
2026-02-06 16:29:59,988 - AI_Researcher - INFO - Starting autonomous research for: Coffee
2026-02-06 16:29:59,999 - AI_Researcher - ERROR - Search failed: Could not import ddgs python package. Please install it with `pip install -U ddgs`.
2026-02-06 16:31:04,004 - Crop_Advisor_Engine - INFO - Attempting Research for: Coffee
2026-02-06 16:31:04,022 - AI_Researcher - INFO - Starting autonomous research for: Coffee
2026-02-06 16:31:04,030 - AI_Researcher - ERROR - Search failed: Could not import ddgs python package. Please install it with `pip install -U ddgs`.
2026-02-06 16:31:49,827 - CropVanta_Main - INFO - Resources loaded successfully.
2026-02-06 16:31:57,227 - Crop_Advisor_Engine - INFO - Attempting Research for: Coffee
2026-02-06 16:31:57,231 - AI_Researcher - INFO - Starting autonomous research for: Coffee
2026-02-06 16:31:57,262 - AI_Researcher - ERROR - Search failed: Could not import ddgs python package. Please install it with `pip install -U ddgs`.
2026-02-06 16:32:10,720 - Crop_Advisor_Engine - INFO - Attempting Research for: Coffee
2026-02-06 16:32:10,722 - AI_Researcher - INFO - Starting autonomous research for: Coffee
2026-02-06 16:32:10,726 - AI_Researcher - ERROR - Search failed: Could not import ddgs python package. Please install it with `pip install -U ddgs`.
2026-02-06 16:32:14,723 - Crop_Advisor_Engine - INFO - Attempting Research for: Coffee
2026-02-06 16:32:14,725 - AI_Researcher - INFO - Starting autonomous research for: Coffee
2026-02-06 16:32:14,728 - AI_Researcher - ERROR - Search failed: Could not import ddgs python package. Please install it with `pip install -U ddgs`.
2026-02-06 16:35:47,437 - Crop_Advisor_Engine - INFO - Attempting Research for: Coffee
2026-02-06 16:35:47,440 - AI_Researcher - INFO - Starting autonomous research for: Coffee
2026-02-06 16:35:47,444 - AI_Researcher - ERROR - Search failed: Could not import ddgs python package. Please install it with `pip install -U ddgs`.
2026-02-06 16:37:14,110 - Crop_Advisor_Engine - INFO - Attempting Research for: Coffee
2026-02-06 16:37:14,111 - AI_Researcher - INFO - Starting autonomous research for: Coffee
2026-02-06 16:37:14,114 - AI_Researcher - ERROR - Search failed: Could not import ddgs python package. Please install it with `pip install -U ddgs`.
2026-02-06 16:38:47,628 - Crop_Advisor_Engine - INFO - Attempting Research for: Coffee
2026-02-06 16:38:47,631 - AI_Researcher - INFO - Starting autonomous research for: Coffee
2026-02-06 16:38:47,634 - AI_Researcher - ERROR - Search failed: Could not import ddgs python package. Please install it with `pip install -U ddgs`.
2026-02-06 16:39:22,493 - Crop_Advisor_Engine - INFO - Attempting Research for: Coffee
2026-02-06 16:39:22,494 - AI_Researcher - INFO - Starting autonomous research for: Coffee
2026-02-06 16:39:22,499 - AI_Researcher - ERROR - Search failed: Could not import ddgs python package. Please install it with `pip install -U ddgs`.
2026-02-06 16:41:43,604 - Crop_Advisor_Engine - INFO - Attempting Research for: Coffee
2026-02-06 16:41:43,605 - AI_Researcher - INFO - Starting autonomous research for: Coffee
2026-02-06 16:41:43,607 - AI_Researcher - ERROR - Search failed: Could not import ddgs python package. Please install it with `pip install -U ddgs`.
2026-02-06 16:42:10,498 - Crop_Advisor_Engine - INFO - Attempting Research for: Mango
2026-02-06 16:42:10,502 - AI_Researcher - INFO - Starting autonomous research for: Mango
2026-02-06 16:42:10,504 - AI_Researcher - ERROR - Search failed: Could not import ddgs python package. Please install it with `pip install -U ddgs`.
2026-02-06 16:47:12,832 - CropVanta_Main - INFO - Resources loaded successfully.
2026-02-06 16:47:26,166 - Crop_Advisor_Engine - INFO - Attempting Research for: Coffee
2026-02-06 16:47:26,170 - AI_Researcher - INFO - Starting autonomous research for: Coffee
2026-02-06 16:47:26,175 - AI_Researcher - ERROR - Search failed: Could not import ddgs python package. Please install it with `pip install -U ddgs`.
2026-02-07 00:16:20,991 - CropVanta_Main - INFO - Resources loaded successfully.
2026-02-07 00:16:40,558 - Crop_Advisor_Engine - INFO - Attempting Research for: Coffee
2026-02-07 00:16:40,563 - AI_Researcher - INFO - Starting autonomous research for: Coffee
2026-02-07 00:16:40,571 - AI_Researcher - ERROR - Search failed: Could not import ddgs python package. Please install it with `pip install -U ddgs`.
2026-02-07 00:19:37,956 - CropVanta_Main - INFO - Resources loaded successfully.
2026-02-07 00:20:00,746 - Crop_Advisor_Engine - INFO - Attempting Research for: Coffee
2026-02-07 00:20:00,749 - AI_Researcher - INFO - Starting autonomous research for: Coffee
2026-02-07 00:20:00,752 - AI_Researcher - ERROR - Search failed: Could not import ddgs python package. Please install it with `pip install -U ddgs`.
2026-02-16 12:43:40,173 - CropVanta_Main - INFO - Resources loaded successfully.
2026-02-16 19:39:50,236 - CropVanta_Main - INFO - Resources loaded successfully.
2026-02-16 19:44:16,633 - CropVanta_Main - INFO - Resources loaded successfully.
2026-02-16 19:53:21,699 - CropVanta_Main - INFO - Resources loaded successfully.
2026-02-16 19:53:42,362 - Crop_Advisor_Engine - INFO - Attempting Research for: Coffee
2026-02-16 19:53:42,365 - AI_Researcher - INFO - Starting autonomous research for: Coffee
2026-02-16 19:53:42,378 - AI_Researcher - ERROR - Search failed: Could not import ddgs python package. Please install it with `pip install -U ddgs`.
2026-02-18 23:52:25,176 - passlib.handlers.bcrypt - WARNING - (trapped) error reading bcrypt version
Traceback (most recent call last):
  File "C:\Users\Shailendra\AppData\Local\Programs\Python\Python311\Lib\site-packages\passlib\handlers\bcrypt.py", line 620, in _load_backend_mixin
    version = _bcrypt.__about__.__version__
              ^^^^^^^^^^^^^^^^^
AttributeError: module 'bcrypt' has no attribute '__about__'
2026-02-19 00:00:18,442 - passlib.handlers.bcrypt - WARNING - (trapped) error reading bcrypt version
Traceback (most recent call last):
  File "C:\Users\Shailendra\AppData\Local\Programs\Python\Python311\Lib\site-packages\passlib\handlers\bcrypt.py", line 620, in _load_backend_mixin
    version = _bcrypt.__about__.__version__
              ^^^^^^^^^^^^^^^^^
AttributeError: module 'bcrypt' has no attribute '__about__'
2026-02-19 00:00:36,815 - passlib.handlers.bcrypt - WARNING - (trapped) error reading bcrypt version
Traceback (most recent call last):
  File "C:\Users\Shailendra\AppData\Local\Programs\Python\Python311\Lib\site-packages\passlib\handlers\bcrypt.py", line 620, in _load_backend_mixin
    version = _bcrypt.__about__.__version__
              ^^^^^^^^^^^^^^^^^
AttributeError: module 'bcrypt' has no attribute '__about__'
2026-02-19 00:08:16,153 - CropVanta_Main - INFO - Resources loaded successfully.
2026-02-19 00:08:26,601 - asyncio - ERROR - Task exception was never retrieved
future: <Task finished name='Task-770' coro=<WebSocketProtocol13.write_message.<locals>.wrapper() done, defined at C:\Users\Shailendra\AppData\Local\Programs\Python\Python311\Lib\site-packages\tornado\websocket.py:1111> exception=WebSocketClosedError()>
Traceback (most recent call last):
  File "C:\Users\Shailendra\AppData\Local\Programs\Python\Python311\Lib\site-packages\tornado\websocket.py", line 1113, in wrapper
    await fut
tornado.iostream.StreamClosedError: Stream is closed

During handling of the above exception, another exception occurred:

Traceback (most recent call last):
  File "C:\Users\Shailendra\AppData\Local\Programs\Python\Python311\Lib\site-packages\tornado\websocket.py", line 1115, in wrapper
    raise WebSocketClosedError()
tornado.websocket.WebSocketClosedError
2026-02-19 00:08:26,658 - asyncio - ERROR - Task exception was never retrieved
future: <Task finished name='Task-775' coro=<WebSocketProtocol13.write_message.<locals>.wrapper() done, defined at C:\Users\Shailendra\AppData\Local\Programs\Python\Python311\Lib\site-packages\tornado\websocket.py:1111> exception=WebSocketClosedError()>
Traceback (most recent call last):
  File "C:\Users\Shailendra\AppData\Local\Programs\Python\Python311\Lib\site-packages\tornado\websocket.py", line 1113, in wrapper
    await fut
tornado.iostream.StreamClosedError: Stream is closed

During handling of the above exception, another exception occurred:

Traceback (most recent call last):
  File "C:\Users\Shailendra\AppData\Local\Programs\Python\Python311\Lib\site-packages\tornado\websocket.py", line 1115, in wrapper
    raise WebSocketClosedError()
tornado.websocket.WebSocketClosedError
2026-02-19 00:08:26,662 - asyncio - ERROR - Task exception was never retrieved
future: <Task finished name='Task-776' coro=<WebSocketProtocol13.write_message.<locals>.wrapper() done, defined at C:\Users\Shailendra\AppData\Local\Programs\Python\Python311\Lib\site-packages\tornado\websocket.py:1111> exception=WebSocketClosedError()>
Traceback (most recent call last):
  File "C:\Users\Shailendra\AppData\Local\Programs\Python\Python311\Lib\site-packages\tornado\websocket.py", line 1113, in wrapper
    await fut
tornado.iostream.StreamClosedError: Stream is closed

During handling of the above exception, another exception occurred:

Traceback (most recent call last):
  File "C:\Users\Shailendra\AppData\Local\Programs\Python\Python311\Lib\site-packages\tornado\websocket.py", line 1115, in wrapper
    raise WebSocketClosedError()
tornado.websocket.WebSocketClosedError
2026-02-19 00:08:26,665 - asyncio - ERROR - Task exception was never retrieved
future: <Task finished name='Task-777' coro=<WebSocketProtocol13.write_message.<locals>.wrapper() done, defined at C:\Users\Shailendra\AppData\Local\Programs\Python\Python311\Lib\site-packages\tornado\websocket.py:1111> exception=WebSocketClosedError()>
Traceback (most recent call last):
  File "C:\Users\Shailendra\AppData\Local\Programs\Python\Python311\Lib\site-packages\tornado\websocket.py", line 1113, in wrapper
    await fut
tornado.iostream.StreamClosedError: Stream is closed

During handling of the above exception, another exception occurred:

Traceback (most recent call last):
  File "C:\Users\Shailendra\AppData\Local\Programs\Python\Python311\Lib\site-packages\tornado\websocket.py", line 1115, in wrapper
    raise WebSocketClosedError()
tornado.websocket.WebSocketClosedError
2026-02-19 00:08:26,668 - asyncio - ERROR - Task exception was never retrieved
future: <Task finished name='Task-778' coro=<WebSocketProtocol13.write_message.<locals>.wrapper() done, defined at C:\Users\Shailendra\AppData\Local\Programs\Python\Python311\Lib\site-packages\tornado\websocket.py:1111> exception=WebSocketClosedError()>
Traceback (most recent call last):
  File "C:\Users\Shailendra\AppData\Local\Programs\Python\Python311\Lib\site-packages\tornado\websocket.py", line 1113, in wrapper
    await fut
tornado.iostream.StreamClosedError: Stream is closed

During handling of the above exception, another exception occurred:

Traceback (most recent call last):
  File "C:\Users\Shailendra\AppData\Local\Programs\Python\Python311\Lib\site-packages\tornado\websocket.py", line 1115, in wrapper
    raise WebSocketClosedError()
tornado.websocket.WebSocketClosedError
2026-02-19 00:08:26,671 - asyncio - ERROR - Task exception was never retrieved
future: <Task finished name='Task-779' coro=<WebSocketProtocol13.write_message.<locals>.wrapper() done, defined at C:\Users\Shailendra\AppData\Local\Programs\Python\Python311\Lib\site-packages\tornado\websocket.py:1111> exception=WebSocketClosedError()>
Traceback (most recent call last):
  File "C:\Users\Shailendra\AppData\Local\Programs\Python\Python311\Lib\site-packages\tornado\websocket.py", line 1113, in wrapper
    await fut
tornado.iostream.StreamClosedError: Stream is closed

During handling of the above exception, another exception occurred:

Traceback (most recent call last):
  File "C:\Users\Shailendra\AppData\Local\Programs\Python\Python311\Lib\site-packages\tornado\websocket.py", line 1115, in wrapper
    raise WebSocketClosedError()
tornado.websocket.WebSocketClosedError
2026-02-19 00:08:26,676 - asyncio - ERROR - Task exception was never retrieved
future: <Task finished name='Task-780' coro=<WebSocketProtocol13.write_message.<locals>.wrapper() done, defined at C:\Users\Shailendra\AppData\Local\Programs\Python\Python311\Lib\site-packages\tornado\websocket.py:1111> exception=WebSocketClosedError()>
Traceback (most recent call last):
  File "C:\Users\Shailendra\AppData\Local\Programs\Python\Python311\Lib\site-packages\tornado\websocket.py", line 1113, in wrapper
    await fut
tornado.iostream.StreamClosedError: Stream is closed

During handling of the above exception, another exception occurred:

Traceback (most recent call last):
  File "C:\Users\Shailendra\AppData\Local\Programs\Python\Python311\Lib\site-packages\tornado\websocket.py", line 1115, in wrapper
    raise WebSocketClosedError()
tornado.websocket.WebSocketClosedError
2026-02-19 00:08:26,678 - asyncio - ERROR - Task exception was never retrieved
future: <Task finished name='Task-781' coro=<WebSocketProtocol13.write_message.<locals>.wrapper() done, defined at C:\Users\Shailendra\AppData\Local\Programs\Python\Python311\Lib\site-packages\tornado\websocket.py:1111> exception=WebSocketClosedError()>
Traceback (most recent call last):
  File "C:\Users\Shailendra\AppData\Local\Programs\Python\Python311\Lib\site-packages\tornado\websocket.py", line 1113, in wrapper
    await fut
tornado.iostream.StreamClosedError: Stream is closed

During handling of the above exception, another exception occurred:

Traceback (most recent call last):
  File "C:\Users\Shailendra\AppData\Local\Programs\Python\Python311\Lib\site-packages\tornado\websocket.py", line 1115, in wrapper
    raise WebSocketClosedError()
tornado.websocket.WebSocketClosedError
2026-02-19 00:08:26,680 - asyncio - ERROR - Task exception was never retrieved
future: <Task finished name='Task-782' coro=<WebSocketProtocol13.write_message.<locals>.wrapper() done, defined at C:\Users\Shailendra\AppData\Local\Programs\Python\Python311\Lib\site-packages\tornado\websocket.py:1111> exception=WebSocketClosedError()>
Traceback (most recent call last):
  File "C:\Users\Shailendra\AppData\Local\Programs\Python\Python311\Lib\site-packages\tornado\websocket.py", line 1113, in wrapper
    await fut
tornado.iostream.StreamClosedError: Stream is closed

During handling of the above exception, another exception occurred:

Traceback (most recent call last):
  File "C:\Users\Shailendra\AppData\Local\Programs\Python\Python311\Lib\site-packages\tornado\websocket.py", line 1115, in wrapper
    raise WebSocketClosedError()
tornado.websocket.WebSocketClosedError
2026-02-19 00:08:26,683 - asyncio - ERROR - Task exception was never retrieved
future: <Task finished name='Task-783' coro=<WebSocketProtocol13.write_message.<locals>.wrapper() done, defined at C:\Users\Shailendra\AppData\Local\Programs\Python\Python311\Lib\site-packages\tornado\websocket.py:1111> exception=WebSocketClosedError()>
Traceback (most recent call last):
  File "C:\Users\Shailendra\AppData\Local\Programs\Python\Python311\Lib\site-packages\tornado\websocket.py", line 1113, in wrapper
    await fut
tornado.iostream.StreamClosedError: Stream is closed

During handling of the above exception, another exception occurred:

Traceback (most recent call last):
  File "C:\Users\Shailendra\AppData\Local\Programs\Python\Python311\Lib\site-packages\tornado\websocket.py", line 1115, in wrapper
    raise WebSocketClosedError()
tornado.websocket.WebSocketClosedError
2026-02-19 00:08:26,685 - asyncio - ERROR - Task exception was never retrieved
future: <Task finished name='Task-784' coro=<WebSocketProtocol13.write_message.<locals>.wrapper() done, defined at C:\Users\Shailendra\AppData\Local\Programs\Python\Python311\Lib\site-packages\tornado\websocket.py:1111> exception=WebSocketClosedError()>
Traceback (most recent call last):
  File "C:\Users\Shailendra\AppData\Local\Programs\Python\Python311\Lib\site-packages\tornado\websocket.py", line 1113, in wrapper
    await fut
tornado.iostream.StreamClosedError: Stream is closed

During handling of the above exception, another exception occurred:

Traceback (most recent call last):
  File "C:\Users\Shailendra\AppData\Local\Programs\Python\Python311\Lib\site-packages\tornado\websocket.py", line 1115, in wrapper
    raise WebSocketClosedError()
tornado.websocket.WebSocketClosedError
2026-02-19 00:08:26,687 - asyncio - ERROR - Task exception was never retrieved
future: <Task finished name='Task-785' coro=<WebSocketProtocol13.write_message.<locals>.wrapper() done, defined at C:\Users\Shailendra\AppData\Local\Programs\Python\Python311\Lib\site-packages\tornado\websocket.py:1111> exception=WebSocketClosedError()>
Traceback (most recent call last):
  File "C:\Users\Shailendra\AppData\Local\Programs\Python\Python311\Lib\site-packages\tornado\websocket.py", line 1113, in wrapper
    await fut
tornado.iostream.StreamClosedError: Stream is closed

During handling of the above exception, another exception occurred:

Traceback (most recent call last):
  File "C:\Users\Shailendra\AppData\Local\Programs\Python\Python311\Lib\site-packages\tornado\websocket.py", line 1115, in wrapper
    raise WebSocketClosedError()
tornado.websocket.WebSocketClosedError
2026-02-19 00:08:26,691 - asyncio - ERROR - Task exception was never retrieved
future: <Task finished name='Task-786' coro=<WebSocketProtocol13.write_message.<locals>.wrapper() done, defined at C:\Users\Shailendra\AppData\Local\Programs\Python\Python311\Lib\site-packages\tornado\websocket.py:1111> exception=WebSocketClosedError()>
Traceback (most recent call last):
  File "C:\Users\Shailendra\AppData\Local\Programs\Python\Python311\Lib\site-packages\tornado\websocket.py", line 1113, in wrapper
    await fut
tornado.iostream.StreamClosedError: Stream is closed

During handling of the above exception, another exception occurred:

Traceback (most recent call last):
  File "C:\Users\Shailendra\AppData\Local\Programs\Python\Python311\Lib\site-packages\tornado\websocket.py", line 1115, in wrapper
    raise WebSocketClosedError()
tornado.websocket.WebSocketClosedError
2026-02-19 00:08:26,693 - asyncio - ERROR - Task exception was never retrieved
future: <Task finished name='Task-789' coro=<WebSocketProtocol13.write_message.<locals>.wrapper() done, defined at C:\Users\Shailendra\AppData\Local\Programs\Python\Python311\Lib\site-packages\tornado\websocket.py:1111> exception=WebSocketClosedError()>
Traceback (most recent call last):
  File "C:\Users\Shailendra\AppData\Local\Programs\Python\Python311\Lib\site-packages\tornado\websocket.py", line 1113, in wrapper
    await fut
tornado.iostream.StreamClosedError: Stream is closed

During handling of the above exception, another exception occurred:

Traceback (most recent call last):
  File "C:\Users\Shailendra\AppData\Local\Programs\Python\Python311\Lib\site-packages\tornado\websocket.py", line 1115, in wrapper
    raise WebSocketClosedError()
tornado.websocket.WebSocketClosedError
2026-02-19 00:08:26,695 - asyncio - ERROR - Task exception was never retrieved
future: <Task finished name='Task-790' coro=<WebSocketProtocol13.write_message.<locals>.wrapper() done, defined at C:\Users\Shailendra\AppData\Local\Programs\Python\Python311\Lib\site-packages\tornado\websocket.py:1111> exception=WebSocketClosedError()>
Traceback (most recent call last):
  File "C:\Users\Shailendra\AppData\Local\Programs\Python\Python311\Lib\site-packages\tornado\websocket.py", line 1113, in wrapper
    await fut
tornado.iostream.StreamClosedError: Stream is closed

During handling of the above exception, another exception occurred:

Traceback (most recent call last):
  File "C:\Users\Shailendra\AppData\Local\Programs\Python\Python311\Lib\site-packages\tornado\websocket.py", line 1115, in wrapper
    raise WebSocketClosedError()
tornado.websocket.WebSocketClosedError
2026-02-19 00:08:26,697 - asyncio - ERROR - Task exception was never retrieved
future: <Task finished name='Task-791' coro=<WebSocketProtocol13.write_message.<locals>.wrapper() done, defined at C:\Users\Shailendra\AppData\Local\Programs\Python\Python311\Lib\site-packages\tornado\websocket.py:1111> exception=WebSocketClosedError()>
Traceback (most recent call last):
  File "C:\Users\Shailendra\AppData\Local\Programs\Python\Python311\Lib\site-packages\tornado\websocket.py", line 1113, in wrapper
    await fut
tornado.iostream.StreamClosedError: Stream is closed

During handling of the above exception, another exception occurred:

Traceback (most recent call last):
  File "C:\Users\Shailendra\AppData\Local\Programs\Python\Python311\Lib\site-packages\tornado\websocket.py", line 1115, in wrapper
    raise WebSocketClosedError()
tornado.websocket.WebSocketClosedError
2026-02-19 00:08:26,700 - asyncio - ERROR - Task exception was never retrieved
future: <Task finished name='Task-794' coro=<WebSocketProtocol13.write_message.<locals>.wrapper() done, defined at C:\Users\Shailendra\AppData\Local\Programs\Python\Python311\Lib\site-packages\tornado\websocket.py:1111> exception=WebSocketClosedError()>
Traceback (most recent call last):
  File "C:\Users\Shailendra\AppData\Local\Programs\Python\Python311\Lib\site-packages\tornado\websocket.py", line 1113, in wrapper
    await fut
tornado.iostream.StreamClosedError: Stream is closed

During handling of the above exception, another exception occurred:

Traceback (most recent call last):
  File "C:\Users\Shailendra\AppData\Local\Programs\Python\Python311\Lib\site-packages\tornado\websocket.py", line 1115, in wrapper
    raise WebSocketClosedError()
tornado.websocket.WebSocketClosedError
2026-02-19 00:08:26,704 - asyncio - ERROR - Task exception was never retrieved
future: <Task finished name='Task-795' coro=<WebSocketProtocol13.write_message.<locals>.wrapper() done, defined at C:\Users\Shailendra\AppData\Local\Programs\Python\Python311\Lib\site-packages\tornado\websocket.py:1111> exception=WebSocketClosedError()>
Traceback (most recent call last):
  File "C:\Users\Shailendra\AppData\Local\Programs\Python\Python311\Lib\site-packages\tornado\websocket.py", line 1113, in wrapper
    await fut
tornado.iostream.StreamClosedError: Stream is closed

During handling of the above exception, another exception occurred:

Traceback (most recent call last):
  File "C:\Users\Shailendra\AppData\Local\Programs\Python\Python311\Lib\site-packages\tornado\websocket.py", line 1115, in wrapper
    raise WebSocketClosedError()
tornado.websocket.WebSocketClosedError
2026-02-19 00:08:26,708 - asyncio - ERROR - Task exception was never retrieved
future: <Task finished name='Task-798' coro=<WebSocketProtocol13.write_message.<locals>.wrapper() done, defined at C:\Users\Shailendra\AppData\Local\Programs\Python\Python311\Lib\site-packages\tornado\websocket.py:1111> exception=WebSocketClosedError()>
Traceback (most recent call last):
  File "C:\Users\Shailendra\AppData\Local\Programs\Python\Python311\Lib\site-packages\tornado\websocket.py", line 1113, in wrapper
    await fut
tornado.iostream.StreamClosedError: Stream is closed

During handling of the above exception, another exception occurred:

Traceback (most recent call last):
  File "C:\Users\Shailendra\AppData\Local\Programs\Python\Python311\Lib\site-packages\tornado\websocket.py", line 1115, in wrapper
    raise WebSocketClosedError()
tornado.websocket.WebSocketClosedError
2026-02-19 00:08:26,710 - asyncio - ERROR - Task exception was never retrieved
future: <Task finished name='Task-799' coro=<WebSocketProtocol13.write_message.<locals>.wrapper() done, defined at C:\Users\Shailendra\AppData\Local\Programs\Python\Python311\Lib\site-packages\tornado\websocket.py:1111> exception=WebSocketClosedError()>
Traceback (most recent call last):
  File "C:\Users\Shailendra\AppData\Local\Programs\Python\Python311\Lib\site-packages\tornado\websocket.py", line 1113, in wrapper
    await fut
tornado.iostream.StreamClosedError: Stream is closed

During handling of the above exception, another exception occurred:

Traceback (most recent call last):
  File "C:\Users\Shailendra\AppData\Local\Programs\Python\Python311\Lib\site-packages\tornado\websocket.py", line 1115, in wrapper
    raise WebSocketClosedError()
tornado.websocket.WebSocketClosedError
2026-02-19 00:08:26,712 - asyncio - ERROR - Task exception was never retrieved
future: <Task finished name='Task-802' coro=<WebSocketProtocol13.write_message.<locals>.wrapper() done, defined at C:\Users\Shailendra\AppData\Local\Programs\Python\Python311\Lib\site-packages\tornado\websocket.py:1111> exception=WebSocketClosedError()>
Traceback (most recent call last):
  File "C:\Users\Shailendra\AppData\Local\Programs\Python\Python311\Lib\site-packages\tornado\websocket.py", line 1113, in wrapper
    await fut
tornado.iostream.StreamClosedError: Stream is closed

During handling of the above exception, another exception occurred:

Traceback (most recent call last):
  File "C:\Users\Shailendra\AppData\Local\Programs\Python\Python311\Lib\site-packages\tornado\websocket.py", line 1115, in wrapper
    raise WebSocketClosedError()
tornado.websocket.WebSocketClosedError
2026-02-19 00:08:26,716 - asyncio - ERROR - Task exception was never retrieved
future: <Task finished name='Task-803' coro=<WebSocketProtocol13.write_message.<locals>.wrapper() done, defined at C:\Users\Shailendra\AppData\Local\Programs\Python\Python311\Lib\site-packages\tornado\websocket.py:1111> exception=WebSocketClosedError()>
Traceback (most recent call last):
  File "C:\Users\Shailendra\AppData\Local\Programs\Python\Python311\Lib\site-packages\tornado\websocket.py", line 1113, in wrapper
    await fut
tornado.iostream.StreamClosedError: Stream is closed

During handling of the above exception, another exception occurred:

Traceback (most recent call last):
  File "C:\Users\Shailendra\AppData\Local\Programs\Python\Python311\Lib\site-packages\tornado\websocket.py", line 1115, in wrapper
    raise WebSocketClosedError()
tornado.websocket.WebSocketClosedError
2026-02-19 00:08:26,719 - asyncio - ERROR - Task exception was never retrieved
future: <Task finished name='Task-804' coro=<WebSocketProtocol13.write_message.<locals>.wrapper() done, defined at C:\Users\Shailendra\AppData\Local\Programs\Python\Python311\Lib\site-packages\tornado\websocket.py:1111> exception=WebSocketClosedError()>
Traceback (most recent call last):
  File "C:\Users\Shailendra\AppData\Local\Programs\Python\Python311\Lib\site-packages\tornado\websocket.py", line 1113, in wrapper
    await fut
tornado.iostream.StreamClosedError: Stream is closed

During handling of the above exception, another exception occurred:

Traceback (most recent call last):
  File "C:\Users\Shailendra\AppData\Local\Programs\Python\Python311\Lib\site-packages\tornado\websocket.py", line 1115, in wrapper
    raise WebSocketClosedError()
tornado.websocket.WebSocketClosedError
2026-02-19 00:08:26,721 - asyncio - ERROR - Task exception was never retrieved
future: <Task finished name='Task-805' coro=<WebSocketProtocol13.write_message.<locals>.wrapper() done, defined at C:\Users\Shailendra\AppData\Local\Programs\Python\Python311\Lib\site-packages\tornado\websocket.py:1111> exception=WebSocketClosedError()>
Traceback (most recent call last):
  File "C:\Users\Shailendra\AppData\Local\Programs\Python\Python311\Lib\site-packages\tornado\websocket.py", line 1113, in wrapper
    await fut
tornado.iostream.StreamClosedError: Stream is closed

During handling of the above exception, another exception occurred:

Traceback (most recent call last):
  File "C:\Users\Shailendra\AppData\Local\Programs\Python\Python311\Lib\site-packages\tornado\websocket.py", line 1115, in wrapper
    raise WebSocketClosedError()
tornado.websocket.WebSocketClosedError
2026-02-19 00:08:26,723 - asyncio - ERROR - Task exception was never retrieved
future: <Task finished name='Task-806' coro=<WebSocketProtocol13.write_message.<locals>.wrapper() done, defined at C:\Users\Shailendra\AppData\Local\Programs\Python\Python311\Lib\site-packages\tornado\websocket.py:1111> exception=WebSocketClosedError()>
Traceback (most recent call last):
  File "C:\Users\Shailendra\AppData\Local\Programs\Python\Python311\Lib\site-packages\tornado\websocket.py", line 1113, in wrapper
    await fut
tornado.iostream.StreamClosedError: Stream is closed

During handling of the above exception, another exception occurred:

Traceback (most recent call last):
  File "C:\Users\Shailendra\AppData\Local\Programs\Python\Python311\Lib\site-packages\tornado\websocket.py", line 1115, in wrapper
    raise WebSocketClosedError()
tornado.websocket.WebSocketClosedError
2026-02-19 00:08:26,725 - asyncio - ERROR - Task exception was never retrieved
future: <Task finished name='Task-809' coro=<WebSocketProtocol13.write_message.<locals>.wrapper() done, defined at C:\Users\Shailendra\AppData\Local\Programs\Python\Python311\Lib\site-packages\tornado\websocket.py:1111> exception=WebSocketClosedError()>
Traceback (most recent call last):
  File "C:\Users\Shailendra\AppData\Local\Programs\Python\Python311\Lib\site-packages\tornado\websocket.py", line 1113, in wrapper
    await fut
tornado.iostream.StreamClosedError: Stream is closed

During handling of the above exception, another exception occurred:

Traceback (most recent call last):
  File "C:\Users\Shailendra\AppData\Local\Programs\Python\Python311\Lib\site-packages\tornado\websocket.py", line 1115, in wrapper
    raise WebSocketClosedError()
tornado.websocket.WebSocketClosedError
2026-02-19 00:18:19,101 - CropVanta_Main - INFO - Resources loaded successfully.
2026-02-25 13:43:48,389 - CropVanta_Main - INFO - Resources loaded successfully.
2026-02-25 14:07:06,233 - CropVanta_Main - INFO - Resources loaded successfully.
2026-02-25 14:10:20,947 - CropVanta_Main - INFO - Resources loaded successfully.
